app/build/intermediates/manifest_merge_blame_file/debug/manifest-merger-blame-debug-report.txt
1<?xml version="1.0" encoding="utf-8"?>
2<manifest xmlns:android="http://schemas.android.com/apk/res/android"
3    package="com.example.fullcurrpro"
4    android:versionCode="1"
5    android:versionName="1.0" >
6
7    <uses-sdk
8        android:minSdkVersion="23"
8-->src/main/AndroidManifest.xml
9        android:targetSdkVersion="29" />
9-->src/main/AndroidManifest.xml
10
11    <uses-permission android:name="android.permission.INTERNET" />
11-->src/main/AndroidManifest.xml:5:5-67
11-->src/main/AndroidManifest.xml:5:22-64
12    <uses-permission android:name="android.permission.READ_EXTERNAL_STORAGE" />
12-->src/main/AndroidManifest.xml:6:5-80
12-->src/main/AndroidManifest.xml:6:22-77
13    <uses-permission android:name="android.permission.WRITE_EXTERNAL_STORAGE" />
13-->src/main/AndroidManifest.xml:7:5-81
13-->src/main/AndroidManifest.xml:7:22-78
14    <uses-permission android:name="android.permission.SYSTEM_ALERT_WINDOW" />
14-->src/main/AndroidManifest.xml:8:5-78
14-->src/main/AndroidManifest.xml:8:22-75
15
16    <application
16-->src/main/AndroidManifest.xml:10:5-34:19
17        android:allowBackup="true"
17-->src/main/AndroidManifest.xml:11:9-35
18        android:appComponentFactory="androidx.core.app.CoreComponentFactory"
18-->[androidx.core:core:1.1.0] AndroidManifest.xml:24:18-86
19        android:debuggable="true"
20        android:icon="@drawable/curr_project_icon"
20-->src/main/AndroidManifest.xml:12:9-51
21        android:label="@string/app_name"
21-->src/main/AndroidManifest.xml:13:9-41
22        android:launchMode="standard"
22-->src/main/AndroidManifest.xml:14:9-38
23        android:roundIcon="@mipmap/ic_launcher_round"
23-->src/main/AndroidManifest.xml:15:9-54
24        android:supportsRtl="true"
24-->src/main/AndroidManifest.xml:16:9-35
25        android:testOnly="true"
26        android:theme="@style/Theme.AppCompat.NoActionBar" >
26-->src/main/AndroidManifest.xml:17:9-59
27        <activity android:name="com.example.fullcurrpro.BGchanger" />
27-->src/main/AndroidManifest.xml:18:9-47
27-->src/main/AndroidManifest.xml:18:19-44
28        <activity android:name="com.example.fullcurrpro.SharedPreferences" />
28-->src/main/AndroidManifest.xml:19:9-55
28-->src/main/AndroidManifest.xml:19:19-52
29        <activity
29-->src/main/AndroidManifest.xml:20:9-21:77
30            android:name="com.example.fullcurrpro.WebActivity"
30-->src/main/AndroidManifest.xml:20:19-46
31            android:theme="@style/Theme.AppCompat.DayNight.DarkActionBar" />
31-->src/main/AndroidManifest.xml:21:13-74
32        <activity android:name="com.example.fullcurrpro.ExchangeActivity" />
32-->src/main/AndroidManifest.xml:22:9-54
32-->src/main/AndroidManifest.xml:22:19-51
33        <activity
33-->src/main/AndroidManifest.xml:23:9-25:59
34            android:name="com.example.fullcurrpro.HomeActivity"
34-->src/main/AndroidManifest.xml:24:13-41
35            android:label="@string/title_activity_test" />
35-->src/main/AndroidManifest.xml:25:13-56
36        <activity android:name="com.example.fullcurrpro.RegisterActivity" />
36-->src/main/AndroidManifest.xml:26:9-54
36-->src/main/AndroidManifest.xml:26:19-51
37        <activity android:name="com.example.fullcurrpro.MainActivity" >
37-->src/main/AndroidManifest.xml:27:9-33:20
37-->src/main/AndroidManifest.xml:27:19-47
38            <intent-filter>
38-->src/main/AndroidManifest.xml:28:13-32:29
39                <action android:name="android.intent.action.MAIN" />
39-->src/main/AndroidManifest.xml:29:17-69
39-->src/main/AndroidManifest.xml:29:25-66
40
41                <category android:name="android.intent.category.LAUNCHER" />
41-->src/main/AndroidManifest.xml:31:17-77
41-->src/main/AndroidManifest.xml:31:27-74
42            </intent-filter>
43        </activity>
44
45        <provider
45-->[androidx.lifecycle:lifecycle-process:2.0.0] AndroidManifest.xml:23:9-27:43
46            android:name="androidx.lifecycle.ProcessLifecycleOwnerInitializer"
46-->[androidx.lifecycle:lifecycle-process:2.0.0] AndroidManifest.xml:24:13-79
47            android:authorities="com.example.fullcurrpro.lifecycle-process"
47-->[androidx.lifecycle:lifecycle-process:2.0.0] AndroidManifest.xml:25:13-69
48            android:exported="false"
48-->[androidx.lifecycle:lifecycle-process:2.0.0] AndroidManifest.xml:26:13-37
49            android:multiprocess="true" />
49-->[androidx.lifecycle:lifecycle-process:2.0.0] AndroidManifest.xml:27:13-40
50    </application>
51
52</manifest>